[2015-09-21 17:26:33.508][MSG] ### PSI v4.0.2.8 프로세스 시작 ###
[2015-09-21 17:26:44.454][MSG] ### This is DEBUG mode. ###
[2015-09-21 17:26:46.216][MSG] DB : 접속 완료
[2015-09-21 17:26:46.226][MSG] DB : LOG_HOME_PATH [D:\btfax4\logs\]
[2015-09-21 17:26:46.256][WRN] 로그위치 변경 실패 : 'D:\btfax4\logs\' 경로에 대한 액세스가 거부되었습니다.[E:\11.source.changs@gamil.com\10.btfax4\btfax4.server\fis.psi\PostFID\bin\debug\log] => [D:\btfax4\logs\], 
[2015-09-21 17:26:46.266][MSG] DB : SYSTEM_IP [100.100.107.31]
[2015-09-21 17:26:46.276][MSG] DB : WEB_URL [http://100.100.107.31]
[2015-09-21 17:26:46.276][MSG] DB : LOG_LEVEL [MSG]
[2015-09-21 17:26:46.286][MSG] DB : SYSTEM_GROUP [90000]
[2015-09-21 17:26:46.286][MSG] DB : INITIAL_SLEEP [1000]
[2015-09-21 17:26:46.296][MSG] DB : DB_POLLING_SLEEP [5000]
[2015-09-21 17:26:46.296][MSG] DB : FETCH_CNT [50]
[2015-09-21 17:26:46.306][MSG] DB : THREAD_CNT [4]
[2015-09-21 17:26:46.316][MSG] DB : STG_HOME_PATH [D:\btfax4\fax_storage\]
[2015-09-21 17:26:46.316][MSG] DB : LOOP_FAXNO [01062369956]
[2015-09-21 17:26:46.326][MSG] DB : LTM_IP [127.0.0.1]
[2015-09-21 17:26:46.336][MSG] DB : LTM_PORT [1050]
[2015-09-21 17:26:46.336][MSG] DB : RECV_FAXBOX_URL [http://100.100.107.31/COM/COM0998.aspx]
[2015-09-21 17:26:46.346][MSG] DB : RECV_NOTIFY_TITLE [팩스 수신]
[2015-09-21 17:26:46.346][MSG] DB : RECV_NOTIFY_MESSAGE [{CID}({CID_NAME})(으)로 부터 수신된 팩스가 있습니다.\r\n -{CURR_TIME}-]
[2015-09-21 17:26:46.356][MSG] DB : SMTP_IP [100.100.107.31]
[2015-09-21 17:26:46.356][MSG] DB : SMTP_PORT [25]
[2015-09-21 17:26:46.366][MSG] DB : SMTP_FROM [btfax@100.100.107.31]
[2015-09-21 17:26:46.376][MSG] DB : SMTP_SUBJECT [수신된 팩스가 있습니다.]
[2015-09-21 17:26:46.376][MSG] DB : SMTP_USEDEFAULTCREDENTIALS [0]
[2015-09-21 17:26:46.386][MSG] DB : SMTP_ENABLESSL [0]
[2015-09-21 17:26:46.386][MSG] DB : SMTP_TIMEOUT [5000]
[2015-09-21 17:26:46.396][ERR] DB : 'RET_DEPT_CD'을 읽지 못하였습니다
[2015-09-21 17:26:46.406][MSG] 실행환경 적용 완료
[2015-09-21 17:27:56.616][MSG] ### PSI v4.0.2.8 프로세스 시작 ###
[2015-09-21 17:27:56.626][MSG] ### This is DEBUG mode. ###
[2015-09-21 17:27:57.648][MSG] DB : 접속 완료
[2015-09-21 17:27:57.658][MSG] DB : LOG_HOME_PATH [D:\btfax4\logs\]
[2015-09-21 17:27:57.688][WRN] 로그위치 변경 실패 : 'D:\btfax4\logs\' 경로에 대한 액세스가 거부되었습니다.[E:\11.source.changs@gamil.com\10.btfax4\btfax4.server\fis.psi\PostFID\bin\debug\log] => [D:\btfax4\logs\], 
[2015-09-21 17:27:57.688][MSG] DB : SYSTEM_IP [100.100.107.31]
[2015-09-21 17:27:57.698][MSG] DB : WEB_URL [http://100.100.107.31]
[2015-09-21 17:27:57.698][MSG] DB : LOG_LEVEL [MSG]
[2015-09-21 17:27:57.708][MSG] DB : SYSTEM_GROUP [90000]
[2015-09-21 17:27:57.718][MSG] DB : INITIAL_SLEEP [1000]
[2015-09-21 17:27:57.718][MSG] DB : DB_POLLING_SLEEP [5000]
[2015-09-21 17:27:57.728][MSG] DB : FETCH_CNT [50]
[2015-09-21 17:27:57.738][MSG] DB : THREAD_CNT [4]
[2015-09-21 17:27:57.738][MSG] DB : STG_HOME_PATH [D:\btfax4\fax_storage\]
[2015-09-21 17:27:57.748][MSG] DB : LOOP_FAXNO [01062369956]
[2015-09-21 17:27:57.748][MSG] DB : LTM_IP [127.0.0.1]
[2015-09-21 17:27:57.758][MSG] DB : LTM_PORT [1050]
[2015-09-21 17:27:57.768][MSG] DB : RECV_FAXBOX_URL [http://100.100.107.31/COM/COM0998.aspx]
[2015-09-21 17:27:57.778][MSG] DB : RECV_NOTIFY_TITLE [팩스 수신]
[2015-09-21 17:27:57.788][MSG] DB : RECV_NOTIFY_MESSAGE [{CID}({CID_NAME})(으)로 부터 수신된 팩스가 있습니다.\r\n -{CURR_TIME}-]
[2015-09-21 17:27:57.798][MSG] DB : SMTP_IP [100.100.107.31]
[2015-09-21 17:27:57.798][MSG] DB : SMTP_PORT [25]
[2015-09-21 17:27:57.808][MSG] DB : SMTP_FROM [btfax@100.100.107.31]
[2015-09-21 17:27:57.808][MSG] DB : SMTP_SUBJECT [수신된 팩스가 있습니다.]
[2015-09-21 17:27:57.818][MSG] DB : SMTP_USEDEFAULTCREDENTIALS [0]
[2015-09-21 17:27:57.828][MSG] DB : SMTP_ENABLESSL [0]
[2015-09-21 17:27:57.828][MSG] DB : SMTP_TIMEOUT [5000]
[2015-09-21 17:27:57.838][ERR] DB : 'RET_DEPT_CD'을 읽지 못하였습니다
[2015-09-21 17:27:57.848][MSG] 실행환경 적용 완료
[2015-09-21 17:27:57.858][MSG] UdpSocket()	UdpSocketInit()
[2015-09-21 17:27:57.868][MSG] ### DB폴링 시작 : INTERVAL[5000] ###
[2015-09-21 17:27:57.918][MSG] ### DB폴링 쓰레드 시작 ###
[2015-09-21 17:27:58.930][MSG] ### DB폴링 시작 ###
[2015-09-21 17:28:03.937][ERR] 팩스스토리지를 찾을수 없습니다. 위치:D:\btfax4\fax_storage\
[2015-09-21 17:28:08.944][ERR] 팩스스토리지를 찾을수 없습니다. 위치:D:\btfax4\fax_storage\
[2015-09-21 17:29:09.232][MSG] ### PSI v4.0.2.8 프로세스 시작 ###
[2015-09-21 17:29:09.242][MSG] ### This is DEBUG mode. ###
[2015-09-21 17:29:10.484][MSG] DB : 접속 완료
[2015-09-21 17:29:10.494][MSG] DB : LOG_HOME_PATH [D:\btfax4\logs\]
[2015-09-21 17:29:10.524][WRN] 로그위치 변경 실패 : 'D:\btfax4\logs\' 경로에 대한 액세스가 거부되었습니다.[E:\11.source.changs@gamil.com\10.btfax4\btfax4.server\fis.psi\PostFID\bin\debug\log] => [D:\btfax4\logs\], 
[2015-09-21 17:29:10.534][MSG] DB : SYSTEM_IP [100.100.107.31]
[2015-09-21 17:29:10.534][MSG] DB : WEB_URL [http://100.100.107.31]
[2015-09-21 17:29:10.544][MSG] DB : LOG_LEVEL [MSG]
[2015-09-21 17:29:10.554][MSG] DB : SYSTEM_GROUP [90000]
[2015-09-21 17:29:10.554][MSG] DB : INITIAL_SLEEP [1000]
[2015-09-21 17:29:10.564][MSG] DB : DB_POLLING_SLEEP [5000]
[2015-09-21 17:29:10.574][MSG] DB : FETCH_CNT [50]
[2015-09-21 17:29:10.574][MSG] DB : THREAD_CNT [4]
[2015-09-21 17:29:10.584][MSG] DB : STG_HOME_PATH [D:\btfax4\fax_storage\]
[2015-09-21 17:29:10.584][MSG] DB : LOOP_FAXNO [01062369956]
[2015-09-21 17:29:10.594][MSG] DB : LTM_IP [127.0.0.1]
[2015-09-21 17:29:10.604][MSG] DB : LTM_PORT [1050]
[2015-09-21 17:29:10.604][MSG] DB : RECV_FAXBOX_URL [http://100.100.107.31/COM/COM0998.aspx]
[2015-09-21 17:29:10.614][MSG] DB : RECV_NOTIFY_TITLE [팩스 수신]
[2015-09-21 17:29:10.614][MSG] DB : RECV_NOTIFY_MESSAGE [{CID}({CID_NAME})(으)로 부터 수신된 팩스가 있습니다.\r\n -{CURR_TIME}-]
[2015-09-21 17:29:10.624][MSG] DB : SMTP_IP [100.100.107.31]
[2015-09-21 17:29:10.634][MSG] DB : SMTP_PORT [25]
[2015-09-21 17:29:10.634][MSG] DB : SMTP_FROM [btfax@100.100.107.31]
[2015-09-21 17:29:10.644][MSG] DB : SMTP_SUBJECT [수신된 팩스가 있습니다.]
[2015-09-21 17:29:10.644][MSG] DB : SMTP_USEDEFAULTCREDENTIALS [0]
[2015-09-21 17:29:10.654][MSG] DB : SMTP_ENABLESSL [0]
[2015-09-21 17:29:10.664][MSG] DB : SMTP_TIMEOUT [5000]
[2015-09-21 17:29:10.664][ERR] DB : 'RET_DEPT_CD'을 읽지 못하였습니다
[2015-09-21 17:29:10.674][MSG] 실행환경 적용 완료
[2015-09-21 17:29:10.684][MSG] UdpSocket()	UdpSocketInit()
[2015-09-21 17:29:10.694][MSG] ### DB폴링 시작 : INTERVAL[5000] ###
[2015-09-21 17:29:10.734][MSG] ### DB폴링 쓰레드 시작 ###
[2015-09-21 17:29:11.745][MSG] ### DB폴링 시작 ###
[2015-09-21 17:29:29.451][MSG] 처리건 개수:11
[2015-09-21 17:30:24.500][MSG] [TH:00][RESULT:EMPTY] [FAX_ID:100000335207][DEPT_CD:][TASK_ID:][USER_ID:][CID:0234301245][CID_NAME:][EMAIL_NOTIFY_YN:][EMAIL_NOTIFY:] 팩스수신 후처리 시작.
[2015-09-21 17:31:47.769][MSG] ### PSI v4.0.2.8 프로세스 시작 ###
[2015-09-21 17:31:47.779][MSG] ### This is DEBUG mode. ###
[2015-09-21 17:31:48.991][MSG] DB : 접속 완료
[2015-09-21 17:31:49.001][MSG] DB : LOG_HOME_PATH [D:\btfax4\logs\]
[2015-09-21 17:31:49.031][WRN] 로그위치 변경 실패 : 'D:\btfax4\logs\' 경로에 대한 액세스가 거부되었습니다.[E:\11.source.changs@gamil.com\10.btfax4\btfax4.server\fis.psi\PostFID\bin\debug\log] => [D:\btfax4\logs\], 
[2015-09-21 17:31:49.041][MSG] DB : SYSTEM_IP [100.100.107.31]
[2015-09-21 17:31:49.051][MSG] DB : WEB_URL [http://100.100.107.31]
[2015-09-21 17:31:49.051][MSG] DB : LOG_LEVEL [MSG]
[2015-09-21 17:31:49.061][MSG] DB : SYSTEM_GROUP [90000]
[2015-09-21 17:31:49.071][MSG] DB : INITIAL_SLEEP [1000]
[2015-09-21 17:31:49.071][MSG] DB : DB_POLLING_SLEEP [5000]
[2015-09-21 17:31:49.081][MSG] DB : FETCH_CNT [50]
[2015-09-21 17:31:49.091][MSG] DB : THREAD_CNT [4]
[2015-09-21 17:31:49.091][MSG] DB : STG_HOME_PATH [D:\btfax4\fax_storage\]
[2015-09-21 17:31:49.101][MSG] DB : LOOP_FAXNO [01062369956]
[2015-09-21 17:31:49.111][MSG] DB : LTM_IP [127.0.0.1]
[2015-09-21 17:31:49.111][MSG] DB : LTM_PORT [1050]
[2015-09-21 17:31:49.121][MSG] DB : RECV_FAXBOX_URL [http://100.100.107.31/COM/COM0998.aspx]
[2015-09-21 17:31:49.121][MSG] DB : RECV_NOTIFY_TITLE [팩스 수신]
[2015-09-21 17:31:49.131][MSG] DB : RECV_NOTIFY_MESSAGE [{CID}({CID_NAME})(으)로 부터 수신된 팩스가 있습니다.\r\n -{CURR_TIME}-]
[2015-09-21 17:31:49.141][MSG] DB : SMTP_IP [100.100.107.31]
[2015-09-21 17:31:49.141][MSG] DB : SMTP_PORT [25]
[2015-09-21 17:31:49.151][MSG] DB : SMTP_FROM [btfax@100.100.107.31]
[2015-09-21 17:31:49.151][MSG] DB : SMTP_SUBJECT [수신된 팩스가 있습니다.]
[2015-09-21 17:31:49.161][MSG] DB : SMTP_USEDEFAULTCREDENTIALS [0]
[2015-09-21 17:31:49.171][MSG] DB : SMTP_ENABLESSL [0]
[2015-09-21 17:31:49.171][MSG] DB : SMTP_TIMEOUT [5000]
[2015-09-21 17:31:49.181][ERR] DB : 'RET_DEPT_CD'을 읽지 못하였습니다
[2015-09-21 17:31:49.191][MSG] 실행환경 적용 완료
[2015-09-21 17:31:49.201][MSG] UdpSocket()	UdpSocketInit()
[2015-09-21 17:31:49.211][MSG] ### DB폴링 시작 : INTERVAL[5000] ###
[2015-09-21 17:31:49.252][MSG] ### DB폴링 쓰레드 시작 ###
[2015-09-21 17:31:50.263][MSG] ### DB폴링 시작 ###
[2015-09-21 17:33:33.426][MSG] ### PSI v4.0.2.8 프로세스 시작 ###
[2015-09-21 17:33:33.446][MSG] ### This is DEBUG mode. ###
[2015-09-21 17:33:34.458][MSG] DB : 접속 완료
[2015-09-21 17:33:34.478][MSG] DB : LOG_HOME_PATH [D:\btfax4\logs\]
[2015-09-21 17:33:34.508][WRN] 로그위치 변경 실패 : 'D:\btfax4\logs\' 경로에 대한 액세스가 거부되었습니다.[E:\11.source.changs@gamil.com\10.btfax4\btfax4.server\fis.psi\PostFID\bin\debug\log] => [D:\btfax4\logs\], 
[2015-09-21 17:33:34.508][MSG] DB : SYSTEM_IP [100.100.107.31]
[2015-09-21 17:33:34.518][MSG] DB : WEB_URL [http://100.100.107.31]
[2015-09-21 17:33:34.518][MSG] DB : LOG_LEVEL [MSG]
[2015-09-21 17:33:34.528][MSG] DB : SYSTEM_GROUP [90000]
[2015-09-21 17:33:34.538][MSG] DB : INITIAL_SLEEP [1000]
[2015-09-21 17:33:34.538][MSG] DB : DB_POLLING_SLEEP [5000]
[2015-09-21 17:33:34.548][MSG] DB : FETCH_CNT [50]
[2015-09-21 17:33:34.558][MSG] DB : THREAD_CNT [4]
[2015-09-21 17:33:34.558][MSG] DB : STG_HOME_PATH [D:\btfax4\fax_storage\]
[2015-09-21 17:33:34.568][MSG] DB : LOOP_FAXNO [01062369956]
[2015-09-21 17:33:34.568][MSG] DB : LTM_IP [127.0.0.1]
[2015-09-21 17:33:34.578][MSG] DB : LTM_PORT [1050]
[2015-09-21 17:33:34.588][MSG] DB : RECV_FAXBOX_URL [http://100.100.107.31/COM/COM0998.aspx]
[2015-09-21 17:33:34.598][MSG] DB : RECV_NOTIFY_TITLE [팩스 수신]
[2015-09-21 17:33:34.598][MSG] DB : RECV_NOTIFY_MESSAGE [{CID}({CID_NAME})(으)로 부터 수신된 팩스가 있습니다.\r\n -{CURR_TIME}-]
[2015-09-21 17:33:34.608][MSG] DB : SMTP_IP [100.100.107.31]
[2015-09-21 17:33:34.608][MSG] DB : SMTP_PORT [25]
[2015-09-21 17:33:34.618][MSG] DB : SMTP_FROM [btfax@100.100.107.31]
[2015-09-21 17:33:34.628][MSG] DB : SMTP_SUBJECT [수신된 팩스가 있습니다.]
[2015-09-21 17:33:34.628][MSG] DB : SMTP_USEDEFAULTCREDENTIALS [0]
[2015-09-21 17:33:34.638][MSG] DB : SMTP_ENABLESSL [0]
[2015-09-21 17:33:34.648][MSG] DB : SMTP_TIMEOUT [5000]
[2015-09-21 17:33:34.648][ERR] DB : 'RET_DEPT_CD'을 읽지 못하였습니다
[2015-09-21 17:33:34.658][MSG] 실행환경 적용 완료
[2015-09-21 17:33:34.668][MSG] UdpSocket()	UdpSocketInit()
[2015-09-21 17:33:34.678][MSG] ### DB폴링 시작 : INTERVAL[5000] ###
[2015-09-21 17:33:34.728][MSG] ### DB폴링 쓰레드 시작 ###
[2015-09-21 17:33:35.740][MSG] ### DB폴링 시작 ###
[2015-09-21 17:34:26.252][MSG] DB Polling Check OK.
[2015-09-21 17:34:56.515][MSG] 처리건 개수:1
[2015-09-21 17:35:09.804][MSG] [TH:00][RESULT:EMPTY] [FAX_ID:100000335218][DEPT_CD:][TASK_ID:][USER_ID:][CID:0234301245][CID_NAME:][EMAIL_NOTIFY_YN:][EMAIL_NOTIFY:] 팩스수신 후처리 시작.
[2015-09-21 17:35:41.981][MSG] [TH:00]LOOP FAX 결과 전송 성공.
[2015-09-21 17:35:41.991][MSG] [TH:00][RESULT:EMPTY] [FAX_ID:100000335218][DEPT_CD:][TASK_ID:][USER_ID:][CID:0234301245][CID_NAME:][EMAIL_NOTIFY_YN:][EMAIL_NOTIFY:] 팩스수신 후처리 완료.
[2015-09-21 17:35:47.048][MSG] 처리건 개수:1
[2015-09-21 17:35:49.582][MSG] [TH:00][RESULT:EMPTY] [FAX_ID:100000335219][DEPT_CD:][TASK_ID:][USER_ID:][CID:0234301245][CID_NAME:][EMAIL_NOTIFY_YN:][EMAIL_NOTIFY:] 팩스수신 후처리 시작.
[2015-09-21 17:35:49.592][MSG] [TH:00]LOOP FAX 결과 전송 성공.
[2015-09-21 17:35:49.592][MSG] [TH:00][RESULT:EMPTY] [FAX_ID:100000335219][DEPT_CD:][TASK_ID:][USER_ID:][CID:0234301245][CID_NAME:][EMAIL_NOTIFY_YN:][EMAIL_NOTIFY:] 팩스수신 후처리 완료.
[2015-09-21 17:35:54.659][MSG] 처리건 개수:1
[2015-09-21 17:35:54.669][MSG] [TH:00][RESULT:EMPTY] [FAX_ID:100000335220][DEPT_CD:][TASK_ID:][USER_ID:][CID:0234301245][CID_NAME:][EMAIL_NOTIFY_YN:][EMAIL_NOTIFY:] 팩스수신 후처리 시작.
[2015-09-21 17:35:54.669][MSG] [TH:00]LOOP FAX 결과 전송 성공.
[2015-09-21 17:35:54.679][MSG] [TH:00][RESULT:EMPTY] [FAX_ID:100000335220][DEPT_CD:][TASK_ID:][USER_ID:][CID:0234301245][CID_NAME:][EMAIL_NOTIFY_YN:][EMAIL_NOTIFY:] 팩스수신 후처리 완료.
[2015-09-21 17:36:04.784][MSG] DB Polling Check OK.
